2022-07-13 10:22:13,013 INFO Epoch 1
2022-07-13 10:32:40,677 INFO Epoch 1
2022-07-13 10:35:25,484 INFO Epoch 1
2022-07-13 10:36:42,626 INFO Epoch 1
2022-07-13 10:37:46,386 INFO Epoch 1
2022-07-13 10:38:19,017 INFO Saving to ./out/demo/demo_model_best_encoder.pth...
2022-07-13 10:38:19,167 INFO Saving to ./out/demo/demo_model_best_decoder.pth...
2022-07-13 10:40:29,384 INFO Saving to ./out/demo/demo_model_best_encoder.pth...
2022-07-13 10:40:29,541 INFO Saving to ./out/demo/demo_model_best_decoder.pth...
2022-07-13 10:41:52,852 INFO Epoch 2
2022-07-13 10:42:45,853 INFO Saving to ./out/demo/demo_model_best_encoder.pth...
2022-07-13 10:42:45,939 INFO Saving to ./out/demo/demo_model_best_decoder.pth...
2022-07-13 10:45:06,401 INFO Saving to ./out/demo/demo_model_best_encoder.pth...
2022-07-13 10:45:06,504 INFO Saving to ./out/demo/demo_model_best_decoder.pth...
2022-07-13 10:46:26,646 INFO Epoch 3
2022-07-13 10:46:51,927 INFO Saving to ./out/demo/demo_model_best_encoder.pth...
2022-07-13 10:46:52,038 INFO Saving to ./out/demo/demo_model_best_decoder.pth...
2022-07-13 10:49:00,242 INFO Saving to ./out/demo/demo_model_best_encoder.pth...
2022-07-13 10:49:00,353 INFO Saving to ./out/demo/demo_model_best_decoder.pth...
2022-07-13 10:50:25,052 INFO Epoch 4
2022-07-13 10:50:51,290 INFO Saving to ./out/demo/demo_model_best_encoder.pth...
2022-07-13 10:50:51,438 INFO Saving to ./out/demo/demo_model_best_decoder.pth...
2022-07-13 10:53:20,077 INFO Saving to ./out/demo/demo_model_best_encoder.pth...
2022-07-13 10:53:20,149 INFO Saving to ./out/demo/demo_model_best_decoder.pth...
2022-07-13 10:54:47,067 INFO Epoch 5
2022-07-13 10:55:34,694 INFO Saving to ./out/demo/demo_model_best_encoder.pth...
2022-07-13 10:55:34,787 INFO Saving to ./out/demo/demo_model_best_decoder.pth...
2022-07-13 10:57:39,855 INFO Saving to ./out/demo/demo_model_best_encoder.pth...
2022-07-13 10:57:39,977 INFO Saving to ./out/demo/demo_model_best_decoder.pth...
2022-07-13 10:59:07,131 INFO Epoch 6
2022-07-13 11:00:00,432 INFO not improved for     1 iterations
2022-07-13 11:02:15,413 INFO Saving to ./out/demo/demo_model_best_encoder.pth...
2022-07-13 11:02:15,511 INFO Saving to ./out/demo/demo_model_best_decoder.pth...
2022-07-13 11:03:41,663 INFO Epoch 7
2022-07-13 11:04:36,095 INFO Saving to ./out/demo/demo_model_best_encoder.pth...
2022-07-13 11:04:36,227 INFO Saving to ./out/demo/demo_model_best_decoder.pth...
2022-07-13 11:07:07,317 INFO Saving to ./out/demo/demo_model_best_encoder.pth...
2022-07-13 11:07:07,407 INFO Saving to ./out/demo/demo_model_best_decoder.pth...
2022-07-13 11:08:33,360 INFO Epoch 8
2022-07-13 11:09:34,438 INFO not improved for     1 iterations
2022-07-13 11:12:20,401 INFO Saving to ./out/demo/demo_model_best_encoder.pth...
2022-07-13 11:12:20,721 INFO Saving to ./out/demo/demo_model_best_decoder.pth...
2022-07-13 11:13:40,456 INFO Epoch 9
2022-07-13 11:14:05,995 INFO Saving to ./out/demo/demo_model_best_encoder.pth...
2022-07-13 11:14:06,102 INFO Saving to ./out/demo/demo_model_best_decoder.pth...
2022-07-13 11:15:58,258 INFO not improved for     1 iterations
2022-07-13 11:17:18,534 INFO Epoch 10
2022-07-13 11:17:45,991 INFO not improved for     2 iterations
2022-07-13 11:19:29,344 INFO Saving to ./out/demo/demo_model_best_encoder.pth...
2022-07-13 11:19:29,436 INFO Saving to ./out/demo/demo_model_best_decoder.pth...
2022-07-13 11:20:52,828 INFO Finished Training
2022-07-13 16:03:48,600 INFO Epoch 1
2022-07-13 16:04:25,281 INFO Saving to ./out/demo/test_new_thresholds_best_encoder.pth...
2022-07-13 16:04:25,385 INFO Saving to ./out/demo/test_new_thresholds_best_decoder.pth...
2022-07-13 16:06:12,229 INFO Saving to ./out/demo/test_new_thresholds_best_encoder.pth...
2022-07-13 16:06:12,315 INFO Saving to ./out/demo/test_new_thresholds_best_decoder.pth...
2022-07-13 16:07:30,567 INFO Epoch 2
2022-07-13 16:08:01,827 INFO Saving to ./out/demo/test_new_thresholds_best_encoder.pth...
2022-07-13 16:08:01,911 INFO Saving to ./out/demo/test_new_thresholds_best_decoder.pth...
2022-07-13 16:09:50,401 INFO Saving to ./out/demo/test_new_thresholds_best_encoder.pth...
2022-07-13 16:09:50,559 INFO Saving to ./out/demo/test_new_thresholds_best_decoder.pth...
2022-07-13 16:11:09,113 INFO Epoch 3
2022-07-13 16:11:32,285 INFO Saving to ./out/demo/test_new_thresholds_best_encoder.pth...
2022-07-13 16:11:32,363 INFO Saving to ./out/demo/test_new_thresholds_best_decoder.pth...
2022-07-13 16:14:29,397 INFO Saving to ./out/demo/test_new_thresholds_best_encoder.pth...
2022-07-13 16:14:29,511 INFO Saving to ./out/demo/test_new_thresholds_best_decoder.pth...
2022-07-13 16:15:50,853 INFO Epoch 4
2022-07-13 16:16:12,956 INFO Saving to ./out/demo/test_new_thresholds_best_encoder.pth...
2022-07-13 16:16:13,102 INFO Saving to ./out/demo/test_new_thresholds_best_decoder.pth...
2022-07-13 16:17:55,649 INFO Saving to ./out/demo/test_new_thresholds_best_encoder.pth...
2022-07-13 16:17:55,737 INFO Saving to ./out/demo/test_new_thresholds_best_decoder.pth...
2022-07-13 16:19:15,520 INFO Epoch 5
2022-07-13 16:19:47,193 INFO Saving to ./out/demo/test_new_thresholds_best_encoder.pth...
2022-07-13 16:19:47,292 INFO Saving to ./out/demo/test_new_thresholds_best_decoder.pth...
2022-07-13 16:21:33,381 INFO Saving to ./out/demo/test_new_thresholds_best_encoder.pth...
2022-07-13 16:21:33,470 INFO Saving to ./out/demo/test_new_thresholds_best_decoder.pth...
2022-07-13 16:22:59,127 INFO Epoch 6
2022-07-13 16:23:20,774 INFO Saving to ./out/demo/test_new_thresholds_best_encoder.pth...
2022-07-13 16:23:20,876 INFO Saving to ./out/demo/test_new_thresholds_best_decoder.pth...
2022-07-13 16:25:05,874 INFO Saving to ./out/demo/test_new_thresholds_best_encoder.pth...
2022-07-13 16:25:06,002 INFO Saving to ./out/demo/test_new_thresholds_best_decoder.pth...
2022-07-13 16:26:32,624 INFO Epoch 7
2022-07-13 16:26:54,914 INFO Saving to ./out/demo/test_new_thresholds_best_encoder.pth...
2022-07-13 16:26:55,007 INFO Saving to ./out/demo/test_new_thresholds_best_decoder.pth...
2022-07-13 16:29:06,896 INFO Saving to ./out/demo/test_new_thresholds_best_encoder.pth...
2022-07-13 16:29:06,985 INFO Saving to ./out/demo/test_new_thresholds_best_decoder.pth...
2022-07-13 16:30:22,210 INFO Epoch 8
2022-07-13 16:30:46,497 INFO not improved for     1 iterations
2022-07-13 16:32:30,140 INFO Saving to ./out/demo/test_new_thresholds_best_encoder.pth...
2022-07-13 16:32:30,229 INFO Saving to ./out/demo/test_new_thresholds_best_decoder.pth...
2022-07-13 16:33:39,940 INFO Epoch 9
2022-07-13 16:34:10,583 INFO Saving to ./out/demo/test_new_thresholds_best_encoder.pth...
2022-07-13 16:34:10,670 INFO Saving to ./out/demo/test_new_thresholds_best_decoder.pth...
2022-07-13 16:35:48,066 INFO Saving to ./out/demo/test_new_thresholds_best_encoder.pth...
2022-07-13 16:35:48,142 INFO Saving to ./out/demo/test_new_thresholds_best_decoder.pth...
2022-07-13 16:37:00,968 INFO Epoch 10
2022-07-13 16:37:21,341 INFO Saving to ./out/demo/test_new_thresholds_best_encoder.pth...
2022-07-13 16:37:21,441 INFO Saving to ./out/demo/test_new_thresholds_best_decoder.pth...
2022-07-13 16:38:56,848 INFO Saving to ./out/demo/test_new_thresholds_best_encoder.pth...
2022-07-13 16:38:56,949 INFO Saving to ./out/demo/test_new_thresholds_best_decoder.pth...
2022-07-13 16:40:15,072 INFO Finished Training
2022-07-21 20:20:47,273 INFO Epoch 1
2022-07-21 20:21:41,236 INFO Epoch 1
2022-07-21 20:22:28,864 INFO Saving to ./out/demo/exp1_chars_best_encoder.pth...
2022-07-21 20:22:28,932 INFO Saving to ./out/demo/exp1_chars_best_decoder.pth...
2022-07-21 20:24:20,868 INFO Saving to ./out/demo/exp1_chars_best_encoder.pth...
2022-07-21 20:24:20,960 INFO Saving to ./out/demo/exp1_chars_best_decoder.pth...
2022-07-21 20:25:43,649 INFO Epoch 2
2022-07-21 20:26:10,799 INFO Saving to ./out/demo/exp1_chars_best_encoder.pth...
2022-07-21 20:26:10,906 INFO Saving to ./out/demo/exp1_chars_best_decoder.pth...
2022-07-21 20:27:57,754 INFO Saving to ./out/demo/exp1_chars_best_encoder.pth...
2022-07-21 20:27:57,836 INFO Saving to ./out/demo/exp1_chars_best_decoder.pth...
2022-07-21 20:29:15,897 INFO Epoch 3
2022-07-21 20:29:44,322 INFO Saving to ./out/demo/exp1_chars_best_encoder.pth...
2022-07-21 20:29:44,412 INFO Saving to ./out/demo/exp1_chars_best_decoder.pth...
2022-07-21 20:31:28,233 INFO Saving to ./out/demo/exp1_chars_best_encoder.pth...
2022-07-21 20:31:28,315 INFO Saving to ./out/demo/exp1_chars_best_decoder.pth...
2022-07-21 20:32:55,697 INFO Epoch 4
2022-07-21 20:33:34,748 INFO Saving to ./out/demo/exp1_chars_best_encoder.pth...
2022-07-21 20:33:34,833 INFO Saving to ./out/demo/exp1_chars_best_decoder.pth...
2022-07-21 20:35:34,131 INFO Saving to ./out/demo/exp1_chars_best_encoder.pth...
2022-07-21 20:35:34,235 INFO Saving to ./out/demo/exp1_chars_best_decoder.pth...
2022-07-21 20:37:10,624 INFO Epoch 5
2022-07-21 20:37:39,949 INFO Saving to ./out/demo/exp1_chars_best_encoder.pth...
2022-07-21 20:37:40,035 INFO Saving to ./out/demo/exp1_chars_best_decoder.pth...
2022-07-21 20:39:50,906 INFO Saving to ./out/demo/exp1_chars_best_encoder.pth...
2022-07-21 20:39:51,010 INFO Saving to ./out/demo/exp1_chars_best_decoder.pth...
2022-07-21 20:41:26,464 INFO Epoch 6
2022-07-21 20:41:52,342 INFO Saving to ./out/demo/exp1_chars_best_encoder.pth...
2022-07-21 20:41:52,434 INFO Saving to ./out/demo/exp1_chars_best_decoder.pth...
2022-07-21 20:44:09,293 INFO Saving to ./out/demo/exp1_chars_best_encoder.pth...
2022-07-21 20:44:09,375 INFO Saving to ./out/demo/exp1_chars_best_decoder.pth...
2022-07-21 20:45:46,040 INFO Epoch 7
2022-07-21 20:46:16,844 INFO Saving to ./out/demo/exp1_chars_best_encoder.pth...
2022-07-21 20:46:16,953 INFO Saving to ./out/demo/exp1_chars_best_decoder.pth...
2022-07-21 20:48:26,796 INFO Saving to ./out/demo/exp1_chars_best_encoder.pth...
2022-07-21 20:48:26,879 INFO Saving to ./out/demo/exp1_chars_best_decoder.pth...
2022-07-21 20:50:01,263 INFO Epoch 8
2022-07-21 20:50:29,638 INFO Saving to ./out/demo/exp1_chars_best_encoder.pth...
2022-07-21 20:50:29,717 INFO Saving to ./out/demo/exp1_chars_best_decoder.pth...
2022-07-21 20:52:43,069 INFO Saving to ./out/demo/exp1_chars_best_encoder.pth...
2022-07-21 20:52:43,141 INFO Saving to ./out/demo/exp1_chars_best_decoder.pth...
2022-07-21 20:54:16,352 INFO Epoch 9
2022-07-21 20:54:44,327 INFO Saving to ./out/demo/exp1_chars_best_encoder.pth...
2022-07-21 20:54:44,416 INFO Saving to ./out/demo/exp1_chars_best_decoder.pth...
2022-07-21 20:56:41,892 INFO not improved for     1 iterations
2022-07-21 20:58:11,483 INFO Epoch 10
2022-07-21 20:58:41,435 INFO Saving to ./out/demo/exp1_chars_best_encoder.pth...
2022-07-21 20:58:41,517 INFO Saving to ./out/demo/exp1_chars_best_decoder.pth...
2022-07-21 21:00:51,307 INFO Saving to ./out/demo/exp1_chars_best_encoder.pth...
2022-07-21 21:00:51,363 INFO Saving to ./out/demo/exp1_chars_best_decoder.pth...
2022-07-21 21:02:19,232 INFO Epoch 11
2022-07-21 21:02:50,130 INFO Saving to ./out/demo/exp1_chars_best_encoder.pth...
2022-07-21 21:02:50,231 INFO Saving to ./out/demo/exp1_chars_best_decoder.pth...
2022-07-21 21:05:02,703 INFO Saving to ./out/demo/exp1_chars_best_encoder.pth...
2022-07-21 21:05:02,774 INFO Saving to ./out/demo/exp1_chars_best_decoder.pth...
2022-07-21 21:06:43,876 INFO Epoch 12
2022-07-21 21:07:16,102 INFO Saving to ./out/demo/exp1_chars_best_encoder.pth...
2022-07-21 21:07:16,175 INFO Saving to ./out/demo/exp1_chars_best_decoder.pth...
2022-07-21 21:09:43,984 INFO Saving to ./out/demo/exp1_chars_best_encoder.pth...
2022-07-21 21:09:44,106 INFO Saving to ./out/demo/exp1_chars_best_decoder.pth...
2022-07-21 21:11:22,097 INFO Epoch 13
2022-07-21 21:12:24,907 INFO not improved for     1 iterations
2022-07-21 21:14:42,157 INFO not improved for     2 iterations
2022-07-21 21:16:19,183 INFO Epoch 14
2022-07-21 21:16:52,601 INFO Saving to ./out/demo/exp1_chars_best_encoder.pth...
2022-07-21 21:16:52,705 INFO Saving to ./out/demo/exp1_chars_best_decoder.pth...
2022-07-21 21:18:58,495 INFO not improved for     1 iterations
2022-07-21 21:20:35,632 INFO Epoch 15
2022-07-21 21:21:04,318 INFO Saving to ./out/demo/exp1_chars_best_encoder.pth...
2022-07-21 21:21:04,581 INFO Saving to ./out/demo/exp1_chars_best_decoder.pth...
2022-07-21 21:23:11,036 INFO Saving to ./out/demo/exp1_chars_best_encoder.pth...
2022-07-21 21:23:11,147 INFO Saving to ./out/demo/exp1_chars_best_decoder.pth...
2022-07-21 21:24:42,332 INFO Epoch 16
2022-07-21 21:25:06,409 INFO Saving to ./out/demo/exp1_chars_best_encoder.pth...
2022-07-21 21:25:06,510 INFO Saving to ./out/demo/exp1_chars_best_decoder.pth...
2022-07-21 21:27:03,626 INFO not improved for     1 iterations
2022-07-21 21:28:25,605 INFO Epoch 17
2022-07-21 21:28:52,395 INFO not improved for     2 iterations
2022-07-21 21:30:55,425 INFO not improved for     3 iterations
2022-07-21 21:32:23,118 INFO Epoch 18
2022-07-21 21:32:49,389 INFO not improved for     4 iterations
2022-07-21 21:34:50,137 INFO not improved for     5 iterations
2022-07-21 21:36:23,996 INFO Epoch 19
2022-07-21 21:36:51,005 INFO Saving to ./out/demo/exp1_chars_best_encoder.pth...
2022-07-21 21:36:51,320 INFO Saving to ./out/demo/exp1_chars_best_decoder.pth...
2022-07-21 21:38:59,979 INFO not improved for     1 iterations
2022-07-21 21:40:24,559 INFO Epoch 20
2022-07-21 21:40:50,037 INFO Saving to ./out/demo/exp1_chars_best_encoder.pth...
2022-07-21 21:40:50,294 INFO Saving to ./out/demo/exp1_chars_best_decoder.pth...
2022-07-21 21:44:39,553 INFO Saving to ./out/demo/exp1_chars_best_encoder.pth...
2022-07-21 21:44:39,664 INFO Saving to ./out/demo/exp1_chars_best_decoder.pth...
2022-07-21 21:46:05,713 INFO Finished Training
2022-07-26 12:21:00,301 INFO Epoch 1
2022-07-26 13:31:27,076 INFO Epoch 1
2022-07-26 13:33:33,170 INFO Epoch 1
2022-07-26 13:37:24,210 INFO Epoch 1
2022-07-26 13:44:23,696 INFO Epoch 1
2022-07-26 13:47:40,653 INFO Epoch 1
2022-07-26 13:50:59,799 INFO Epoch 1
2022-07-26 13:57:48,983 INFO Epoch 1
2022-07-26 14:08:24,851 INFO Epoch 1
2022-07-26 14:13:32,829 INFO Epoch 1
2022-07-26 14:44:07,008 INFO Epoch 1
2022-07-26 14:54:20,551 INFO Epoch 1
2022-07-26 14:58:02,987 INFO Epoch 1
2022-07-26 15:08:04,522 INFO Epoch 1
2022-07-26 15:24:52,139 INFO Epoch 1
2022-07-26 15:29:38,273 INFO Saving to ./out/demo/demo_model_best_encoder.pth...
2022-07-26 15:29:38,735 INFO Saving to ./out/demo/demo_model_best_recon_decoder.pth...
2022-07-26 15:29:38,751 INFO Saving to ./out/demo/demo_model_best_pred_decoder.pth...
2022-07-26 15:47:16,290 INFO Epoch 1
2022-07-26 15:51:25,453 INFO Epoch 1
2022-07-26 15:52:40,854 INFO Saving to ./out/demo/demo_model_best_encoder.pth...
2022-07-26 15:52:40,960 INFO Saving to ./out/demo/demo_model_best_recon_decoder.pth...
2022-07-26 15:52:40,971 INFO Saving to ./out/demo/demo_model_best_pred_decoder.pth...
2022-07-26 15:55:45,355 INFO Saving to ./out/demo/demo_model_best_encoder.pth...
2022-07-26 15:55:45,388 INFO Saving to ./out/demo/demo_model_best_recon_decoder.pth...
2022-07-26 15:55:45,399 INFO Saving to ./out/demo/demo_model_best_pred_decoder.pth...
2022-07-26 15:58:28,309 INFO Saving to ./out/demo/demo_model_best_encoder.pth...
2022-07-26 15:58:28,338 INFO Saving to ./out/demo/demo_model_best_recon_decoder.pth...
2022-07-26 15:58:28,349 INFO Saving to ./out/demo/demo_model_best_pred_decoder.pth...
2022-07-26 16:01:09,332 INFO Saving to ./out/demo/demo_model_best_encoder.pth...
2022-07-26 16:01:09,367 INFO Saving to ./out/demo/demo_model_best_recon_decoder.pth...
2022-07-26 16:01:09,378 INFO Saving to ./out/demo/demo_model_best_pred_decoder.pth...
2022-07-26 16:03:48,952 INFO Saving to ./out/demo/demo_model_best_encoder.pth...
2022-07-26 16:03:48,980 INFO Saving to ./out/demo/demo_model_best_recon_decoder.pth...
2022-07-26 16:03:48,990 INFO Saving to ./out/demo/demo_model_best_pred_decoder.pth...
2022-07-26 16:06:27,581 INFO Saving to ./out/demo/demo_model_best_encoder.pth...
2022-07-26 16:06:27,612 INFO Saving to ./out/demo/demo_model_best_recon_decoder.pth...
2022-07-26 16:06:27,621 INFO Saving to ./out/demo/demo_model_best_pred_decoder.pth...
2022-07-26 16:09:11,918 INFO Saving to ./out/demo/demo_model_best_encoder.pth...
2022-07-26 16:09:11,949 INFO Saving to ./out/demo/demo_model_best_recon_decoder.pth...
2022-07-26 16:09:11,957 INFO Saving to ./out/demo/demo_model_best_pred_decoder.pth...
2022-07-26 16:11:54,727 INFO Saving to ./out/demo/demo_model_best_encoder.pth...
2022-07-26 16:11:54,760 INFO Saving to ./out/demo/demo_model_best_recon_decoder.pth...
2022-07-26 16:11:54,770 INFO Saving to ./out/demo/demo_model_best_pred_decoder.pth...
2022-07-26 16:14:33,533 INFO Saving to ./out/demo/demo_model_best_encoder.pth...
2022-07-26 16:14:33,569 INFO Saving to ./out/demo/demo_model_best_recon_decoder.pth...
2022-07-26 16:14:33,580 INFO Saving to ./out/demo/demo_model_best_pred_decoder.pth...
2022-07-26 16:17:18,971 INFO Saving to ./out/demo/demo_model_best_encoder.pth...
2022-07-26 16:17:19,009 INFO Saving to ./out/demo/demo_model_best_recon_decoder.pth...
2022-07-26 16:17:19,018 INFO Saving to ./out/demo/demo_model_best_pred_decoder.pth...
2022-07-26 16:20:22,434 INFO Saving to ./out/demo/demo_model_best_encoder.pth...
2022-07-26 16:20:22,467 INFO Saving to ./out/demo/demo_model_best_recon_decoder.pth...
2022-07-26 16:20:22,489 INFO Saving to ./out/demo/demo_model_best_pred_decoder.pth...
2022-07-26 16:23:21,158 INFO Saving to ./out/demo/demo_model_best_encoder.pth...
2022-07-26 16:23:21,192 INFO Saving to ./out/demo/demo_model_best_recon_decoder.pth...
2022-07-26 16:23:21,200 INFO Saving to ./out/demo/demo_model_best_pred_decoder.pth...
2022-07-26 16:26:24,563 INFO Saving to ./out/demo/demo_model_best_encoder.pth...
2022-07-26 16:26:24,598 INFO Saving to ./out/demo/demo_model_best_recon_decoder.pth...
2022-07-26 16:26:24,608 INFO Saving to ./out/demo/demo_model_best_pred_decoder.pth...
