2022-01-13 11:20:03,755 INFO Epoch 1
2022-01-13 11:20:35,112 INFO [0,     1] tr_recon_loss : 0.210 | val_recon_loss : 0.232 | tr_total_loss : 0.212 | val_total_loss : 0.234 | tr_stimu_loss : 0.400 | val_stimu_loss : 0.502
2022-01-13 11:20:52,008 INFO Saving to ./out/demo/demo_model_best_encoder.pth...
2022-01-13 11:20:52,020 INFO Saving to ./out/demo/demo_model_best_decoder.pth...
2022-01-13 11:53:35,943 INFO Epoch 1
2022-01-13 11:54:34,324 INFO Epoch 1
2022-01-13 11:54:37,013 INFO [0,     1] tr_recon_loss : 0.208 | val_recon_loss : 0.232 | tr_total_loss : 0.210 | val_total_loss : 0.235 | tr_stimu_loss : 0.403 | val_stimu_loss : 0.502
2022-01-13 11:54:37,013 INFO Saving to ./out/demo/demo_model_best_encoder.pth...
2022-01-13 11:54:37,019 INFO Saving to ./out/demo/demo_model_best_decoder.pth...
2022-01-13 11:54:48,911 INFO [0,    11] tr_recon_loss : 0.143 | val_recon_loss : 0.157 | tr_total_loss : 0.146 | val_total_loss : 0.161 | tr_stimu_loss : 0.402 | val_stimu_loss : 0.536
2022-01-13 11:54:48,911 INFO Saving to ./out/demo/demo_model_best_encoder.pth...
2022-01-13 11:54:48,919 INFO Saving to ./out/demo/demo_model_best_decoder.pth...
2022-01-13 11:55:01,615 INFO [0,    21] tr_recon_loss : 0.085 | val_recon_loss : 0.116 | tr_total_loss : 0.088 | val_total_loss : 0.120 | tr_stimu_loss : 0.393 | val_stimu_loss : 0.568
2022-01-13 11:55:01,615 INFO Saving to ./out/demo/demo_model_best_encoder.pth...
2022-01-13 11:55:01,620 INFO Saving to ./out/demo/demo_model_best_decoder.pth...
2022-01-13 11:55:15,481 INFO [0,    31] tr_recon_loss : 0.063 | val_recon_loss : 0.099 | tr_total_loss : 0.066 | val_total_loss : 0.103 | tr_stimu_loss : 0.401 | val_stimu_loss : 0.504
2022-01-13 11:55:15,481 INFO Saving to ./out/demo/demo_model_best_encoder.pth...
2022-01-13 11:55:15,487 INFO Saving to ./out/demo/demo_model_best_decoder.pth...
2022-01-13 12:05:57,399 INFO Epoch 1
2022-01-13 12:06:00,390 INFO [0,     1] tr_recon_loss : 0.208 | val_recon_loss : 0.232 | tr_total_loss : 0.210 | val_total_loss : 0.235 | tr_stimu_loss : 0.403 | val_stimu_loss : 0.502
2022-01-13 12:06:50,279 INFO Epoch 1
2022-01-13 12:06:53,079 INFO [0,     1] tr_recon_loss : 0.208 | val_recon_loss : 0.232 | tr_total_loss : 0.210 | val_total_loss : 0.235 | tr_stimu_loss : 0.403 | val_stimu_loss : 0.502
2022-01-13 12:07:23,944 INFO Epoch 1
2022-01-13 12:07:26,627 INFO [0,     1] tr_recon_loss : 0.208 | val_recon_loss : 0.232 | tr_total_loss : 0.210 | val_total_loss : 0.235 | tr_stimu_loss : 0.403 | val_stimu_loss : 0.502
2022-01-13 12:07:48,459 INFO Epoch 1
2022-01-13 12:07:51,198 INFO [0,     1] tr_recon_loss : 0.208 | val_recon_loss : 0.232 | tr_total_loss : 0.210 | val_total_loss : 0.235 | tr_stimu_loss : 0.403 | val_stimu_loss : 0.502
2022-01-13 12:10:33,035 INFO Epoch 1
2022-01-13 12:11:31,041 INFO Epoch 1
2022-01-13 12:11:52,153 INFO Epoch 1
2022-01-13 13:52:55,927 INFO Epoch 1
2022-01-13 13:52:58,350 INFO [0,     1] tr_recon_loss : 0.208 | val_recon_loss : 0.232 | tr_total_loss : 0.210 | val_total_loss : 0.235 | tr_stimu_loss : 0.403 | val_stimu_loss : 0.502
2022-01-13 13:53:09,994 INFO Saving to ./out/demo/demo_model_best_encoder.pth...
2022-01-13 13:53:10,003 INFO Saving to ./out/demo/demo_model_best_decoder.pth...
2022-01-13 13:53:38,066 INFO Epoch 1
2022-01-13 13:58:24,955 INFO Saving to ./out/demo/demo_model_best_encoder.pth...
2022-01-13 13:58:24,967 INFO Saving to ./out/demo/demo_model_best_decoder.pth...
2022-01-13 13:58:40,992 INFO Saving to ./out/demo/demo_model_best_encoder.pth...
2022-01-13 13:58:40,999 INFO Saving to ./out/demo/demo_model_best_decoder.pth...
2022-01-13 13:58:56,352 INFO Saving to ./out/demo/demo_model_best_encoder.pth...
2022-01-13 13:58:56,359 INFO Saving to ./out/demo/demo_model_best_decoder.pth...
2022-01-13 13:59:12,446 INFO Saving to ./out/demo/demo_model_best_encoder.pth...
2022-01-13 13:59:12,451 INFO Saving to ./out/demo/demo_model_best_decoder.pth...
2022-01-13 13:59:28,790 INFO Saving to ./out/demo/demo_model_best_encoder.pth...
2022-01-13 13:59:28,796 INFO Saving to ./out/demo/demo_model_best_decoder.pth...
2022-01-13 13:59:43,323 INFO Saving to ./out/demo/demo_model_best_encoder.pth...
2022-01-13 13:59:43,330 INFO Saving to ./out/demo/demo_model_best_decoder.pth...
2022-01-13 14:00:00,393 INFO Saving to ./out/demo/demo_model_best_encoder.pth...
2022-01-13 14:00:00,401 INFO Saving to ./out/demo/demo_model_best_decoder.pth...
2022-01-13 14:00:17,093 INFO Saving to ./out/demo/demo_model_best_encoder.pth...
2022-01-13 14:00:17,102 INFO Saving to ./out/demo/demo_model_best_decoder.pth...
2022-01-13 14:00:32,870 INFO Saving to ./out/demo/demo_model_best_encoder.pth...
2022-01-13 14:00:32,885 INFO Saving to ./out/demo/demo_model_best_decoder.pth...
2022-01-13 14:00:48,318 INFO Saving to ./out/demo/demo_model_best_encoder.pth...
2022-01-13 14:00:48,325 INFO Saving to ./out/demo/demo_model_best_decoder.pth...
2022-01-13 14:01:03,639 INFO Saving to ./out/demo/demo_model_best_encoder.pth...
2022-01-13 14:01:03,648 INFO Saving to ./out/demo/demo_model_best_decoder.pth...
2022-01-13 14:01:19,740 INFO not improved for     1 iterations
2022-01-13 14:01:34,818 INFO Saving to ./out/demo/demo_model_best_encoder.pth...
2022-01-13 14:01:34,826 INFO Saving to ./out/demo/demo_model_best_decoder.pth...
2022-01-13 14:01:50,209 INFO Saving to ./out/demo/demo_model_best_encoder.pth...
2022-01-13 14:01:50,214 INFO Saving to ./out/demo/demo_model_best_decoder.pth...
2022-01-13 14:02:05,822 INFO Saving to ./out/demo/demo_model_best_encoder.pth...
2022-01-13 14:02:05,830 INFO Saving to ./out/demo/demo_model_best_decoder.pth...
2022-01-13 14:02:20,962 INFO Saving to ./out/demo/demo_model_best_encoder.pth...
2022-01-13 14:02:20,970 INFO Saving to ./out/demo/demo_model_best_decoder.pth...
2022-01-13 14:02:36,443 INFO Saving to ./out/demo/demo_model_best_encoder.pth...
2022-01-13 14:02:36,451 INFO Saving to ./out/demo/demo_model_best_decoder.pth...
2022-01-13 14:02:51,044 INFO Saving to ./out/demo/demo_model_best_encoder.pth...
2022-01-13 14:02:51,048 INFO Saving to ./out/demo/demo_model_best_decoder.pth...
2022-01-13 14:03:06,290 INFO Saving to ./out/demo/demo_model_best_encoder.pth...
2022-01-13 14:03:06,300 INFO Saving to ./out/demo/demo_model_best_decoder.pth...
2022-01-13 14:03:21,526 INFO not improved for     1 iterations
2022-01-13 14:03:37,549 INFO Saving to ./out/demo/demo_model_best_encoder.pth...
2022-01-13 14:03:37,556 INFO Saving to ./out/demo/demo_model_best_decoder.pth...
2022-01-13 14:03:50,042 INFO Saving to ./out/demo/demo_model_best_encoder.pth...
2022-01-13 14:03:50,050 INFO Saving to ./out/demo/demo_model_best_decoder.pth...
2022-01-13 14:04:03,441 INFO not improved for     1 iterations
2022-01-13 14:04:14,748 INFO Saving to ./out/demo/demo_model_best_encoder.pth...
2022-01-13 14:04:14,752 INFO Saving to ./out/demo/demo_model_best_decoder.pth...
2022-01-13 14:04:26,729 INFO not improved for     1 iterations
2022-01-13 14:04:38,096 INFO Saving to ./out/demo/demo_model_best_encoder.pth...
2022-01-13 14:04:38,102 INFO Saving to ./out/demo/demo_model_best_decoder.pth...
2022-01-13 14:04:49,767 INFO Saving to ./out/demo/demo_model_best_encoder.pth...
2022-01-13 14:04:49,772 INFO Saving to ./out/demo/demo_model_best_decoder.pth...
2022-01-13 14:05:02,085 INFO Saving to ./out/demo/demo_model_best_encoder.pth...
2022-01-13 14:05:02,092 INFO Saving to ./out/demo/demo_model_best_decoder.pth...
2022-01-13 14:05:17,209 INFO not improved for     1 iterations
2022-01-13 14:05:30,580 INFO not improved for     2 iterations
2022-01-13 14:05:42,445 INFO Saving to ./out/demo/demo_model_best_encoder.pth...
2022-01-13 14:05:42,451 INFO Saving to ./out/demo/demo_model_best_decoder.pth...
2022-01-13 14:05:54,033 INFO not improved for     1 iterations
2022-01-13 14:06:05,639 INFO Saving to ./out/demo/demo_model_best_encoder.pth...
2022-01-13 14:06:05,645 INFO Saving to ./out/demo/demo_model_best_decoder.pth...
2022-01-13 14:06:18,052 INFO not improved for     1 iterations
2022-01-13 14:18:05,306 INFO Saving to ./out/demo/demo_model_best_encoder.pth...
2022-01-13 14:18:05,322 INFO Saving to ./out/demo/demo_model_best_decoder.pth...
2022-01-13 14:25:06,369 INFO Saving to ./out/demo/demo_model_best_encoder.pth...
2022-01-13 14:25:06,382 INFO Saving to ./out/demo/demo_model_best_decoder.pth...
2022-01-13 14:25:45,017 INFO Saving to ./out/demo/demo_model_best_encoder.pth...
2022-01-13 14:25:45,022 INFO Saving to ./out/demo/demo_model_best_decoder.pth...
2022-01-13 14:26:22,694 INFO Saving to ./out/demo/demo_model_best_encoder.pth...
2022-01-13 14:26:22,705 INFO Saving to ./out/demo/demo_model_best_decoder.pth...
2022-01-13 14:27:01,959 INFO Saving to ./out/demo/demo_model_best_encoder.pth...
2022-01-13 14:27:01,965 INFO Saving to ./out/demo/demo_model_best_decoder.pth...
2022-01-13 14:28:45,876 INFO Saving to ./out/demo/demo_model_best_encoder.pth...
2022-01-13 14:28:45,886 INFO Saving to ./out/demo/demo_model_best_decoder.pth...
2022-01-13 14:29:26,495 INFO Saving to ./out/demo/demo_model_best_encoder.pth...
2022-01-13 14:29:26,503 INFO Saving to ./out/demo/demo_model_best_decoder.pth...
2022-01-13 14:30:06,907 INFO Saving to ./out/demo/demo_model_best_encoder.pth...
2022-01-13 14:30:06,916 INFO Saving to ./out/demo/demo_model_best_decoder.pth...
2022-01-13 14:30:45,624 INFO Saving to ./out/demo/demo_model_best_encoder.pth...
2022-01-13 14:30:45,631 INFO Saving to ./out/demo/demo_model_best_decoder.pth...
2022-01-13 14:31:28,981 INFO Saving to ./out/demo/demo_model_best_encoder.pth...
2022-01-13 14:31:28,991 INFO Saving to ./out/demo/demo_model_best_decoder.pth...
2022-01-13 14:32:13,762 INFO Saving to ./out/demo/demo_model_best_encoder.pth...
2022-01-13 14:32:13,768 INFO Saving to ./out/demo/demo_model_best_decoder.pth...
2022-01-13 14:33:04,322 INFO Saving to ./out/demo/demo_model_best_encoder.pth...
2022-01-13 14:33:04,330 INFO Saving to ./out/demo/demo_model_best_decoder.pth...
2022-01-13 14:33:47,986 INFO Saving to ./out/demo/demo_model_best_encoder.pth...
2022-01-13 14:33:47,996 INFO Saving to ./out/demo/demo_model_best_decoder.pth...
2022-01-13 14:34:33,000 INFO Saving to ./out/demo/demo_model_best_encoder.pth...
2022-01-13 14:34:33,007 INFO Saving to ./out/demo/demo_model_best_decoder.pth...
2022-01-13 14:35:18,251 INFO Saving to ./out/demo/demo_model_best_encoder.pth...
2022-01-13 14:35:18,271 INFO Saving to ./out/demo/demo_model_best_decoder.pth...
2022-01-13 14:36:07,130 INFO not improved for     1 iterations
2022-01-13 14:36:55,215 INFO Saving to ./out/demo/demo_model_best_encoder.pth...
2022-01-13 14:36:55,226 INFO Saving to ./out/demo/demo_model_best_decoder.pth...
2022-01-13 14:37:38,933 INFO not improved for     1 iterations
2022-01-13 14:38:28,326 INFO Saving to ./out/demo/demo_model_best_encoder.pth...
2022-01-13 14:38:28,341 INFO Saving to ./out/demo/demo_model_best_decoder.pth...
2022-01-13 14:39:16,482 INFO Saving to ./out/demo/demo_model_best_encoder.pth...
2022-01-13 14:39:16,493 INFO Saving to ./out/demo/demo_model_best_decoder.pth...
2022-01-13 14:40:06,140 INFO Saving to ./out/demo/demo_model_best_encoder.pth...
2022-01-13 14:40:06,147 INFO Saving to ./out/demo/demo_model_best_decoder.pth...
2022-01-13 14:40:50,689 INFO Saving to ./out/demo/demo_model_best_encoder.pth...
2022-01-13 14:40:50,697 INFO Saving to ./out/demo/demo_model_best_decoder.pth...
2022-01-13 14:41:35,716 INFO Saving to ./out/demo/demo_model_best_encoder.pth...
2022-01-13 14:41:35,728 INFO Saving to ./out/demo/demo_model_best_decoder.pth...
2022-01-13 14:42:31,717 INFO not improved for     1 iterations
2022-01-13 14:43:20,353 INFO Saving to ./out/demo/demo_model_best_encoder.pth...
2022-01-13 14:43:20,362 INFO Saving to ./out/demo/demo_model_best_decoder.pth...
2022-01-13 14:44:07,073 INFO Saving to ./out/demo/demo_model_best_encoder.pth...
2022-01-13 14:44:07,080 INFO Saving to ./out/demo/demo_model_best_decoder.pth...
2022-01-13 14:44:55,065 INFO Saving to ./out/demo/demo_model_best_encoder.pth...
2022-01-13 14:44:55,077 INFO Saving to ./out/demo/demo_model_best_decoder.pth...
2022-01-13 14:45:28,315 INFO Saving to ./out/demo/demo_model_best_encoder.pth...
2022-01-13 14:45:28,324 INFO Saving to ./out/demo/demo_model_best_decoder.pth...
2022-01-13 14:46:14,093 INFO Saving to ./out/demo/demo_model_best_encoder.pth...
2022-01-13 14:46:14,104 INFO Saving to ./out/demo/demo_model_best_decoder.pth...
2022-01-13 14:47:04,053 INFO not improved for     1 iterations
2022-01-13 14:47:56,566 INFO Saving to ./out/demo/demo_model_best_encoder.pth...
2022-01-13 14:47:56,578 INFO Saving to ./out/demo/demo_model_best_decoder.pth...
2022-01-13 14:48:47,271 INFO not improved for     1 iterations
2022-01-13 14:49:34,498 INFO not improved for     2 iterations
2022-01-13 14:50:17,358 INFO Saving to ./out/demo/demo_model_best_encoder.pth...
2022-01-13 14:50:17,363 INFO Saving to ./out/demo/demo_model_best_decoder.pth...
2022-01-13 14:51:10,328 INFO not improved for     1 iterations
2022-01-13 14:52:02,208 INFO Saving to ./out/demo/demo_model_best_encoder.pth...
2022-01-13 14:52:02,217 INFO Saving to ./out/demo/demo_model_best_decoder.pth...
2022-01-13 14:52:56,489 INFO Saving to ./out/demo/demo_model_best_encoder.pth...
2022-01-13 14:52:56,496 INFO Saving to ./out/demo/demo_model_best_decoder.pth...
2022-01-13 14:53:48,789 INFO not improved for     1 iterations
2022-01-13 14:54:40,202 INFO Saving to ./out/demo/demo_model_best_encoder.pth...
2022-01-13 14:54:40,210 INFO Saving to ./out/demo/demo_model_best_decoder.pth...
2022-01-13 14:55:30,422 INFO Saving to ./out/demo/demo_model_best_encoder.pth...
2022-01-13 14:55:30,436 INFO Saving to ./out/demo/demo_model_best_decoder.pth...
2022-01-13 14:56:14,039 INFO not improved for     1 iterations
2022-01-13 14:56:56,324 INFO Saving to ./out/demo/demo_model_best_encoder.pth...
2022-01-13 14:56:56,334 INFO Saving to ./out/demo/demo_model_best_decoder.pth...
2022-01-13 14:57:48,260 INFO Saving to ./out/demo/demo_model_best_encoder.pth...
2022-01-13 14:57:48,271 INFO Saving to ./out/demo/demo_model_best_decoder.pth...
2022-01-14 15:34:13,942 INFO Saving to ./out/demo/demo_model_best_encoder.pth...
2022-01-14 15:34:13,967 INFO Saving to ./out/demo/demo_model_best_decoder.pth...
2022-01-14 15:40:00,335 INFO Saving to ./out/demo/demo_model_best_encoder.pth...
2022-01-14 15:40:00,343 INFO Saving to ./out/demo/demo_model_best_decoder.pth...
2022-01-14 15:40:32,361 INFO Saving to ./out/demo/demo_model_best_encoder.pth...
2022-01-14 15:40:32,412 INFO Saving to ./out/demo/demo_model_best_decoder.pth...
2022-01-14 15:41:04,405 INFO Saving to ./out/demo/demo_model_best_encoder.pth...
2022-01-14 15:41:04,477 INFO Saving to ./out/demo/demo_model_best_decoder.pth...
2022-01-14 15:41:38,447 INFO Saving to ./out/demo/demo_model_best_encoder.pth...
2022-01-14 15:41:38,537 INFO Saving to ./out/demo/demo_model_best_decoder.pth...
2022-01-14 15:42:10,570 INFO Saving to ./out/demo/demo_model_best_encoder.pth...
2022-01-14 15:42:10,700 INFO Saving to ./out/demo/demo_model_best_decoder.pth...
2022-01-14 15:42:47,557 INFO Saving to ./out/demo/demo_model_best_encoder.pth...
2022-01-14 15:42:47,667 INFO Saving to ./out/demo/demo_model_best_decoder.pth...
2022-01-14 15:44:57,606 INFO Saving to ./out/demo/demo_model_best_encoder.pth...
2022-01-14 15:44:57,645 INFO Saving to ./out/demo/demo_model_best_decoder.pth...
2022-01-14 15:45:29,597 INFO Saving to ./out/demo/demo_model_best_encoder.pth...
2022-01-14 15:45:29,654 INFO Saving to ./out/demo/demo_model_best_decoder.pth...
2022-01-14 15:46:06,421 INFO Saving to ./out/demo/demo_model_best_encoder.pth...
2022-01-14 15:46:06,476 INFO Saving to ./out/demo/demo_model_best_decoder.pth...
2022-01-14 15:46:41,301 INFO Saving to ./out/demo/demo_model_best_encoder.pth...
2022-01-14 15:46:41,330 INFO Saving to ./out/demo/demo_model_best_decoder.pth...
2022-01-14 15:47:13,550 INFO Saving to ./out/demo/demo_model_best_encoder.pth...
2022-01-14 15:47:13,664 INFO Saving to ./out/demo/demo_model_best_decoder.pth...
2022-01-14 15:47:46,103 INFO Saving to ./out/demo/demo_model_best_encoder.pth...
2022-01-14 15:47:46,234 INFO Saving to ./out/demo/demo_model_best_decoder.pth...
2022-01-14 15:48:19,351 INFO Saving to ./out/demo/demo_model_best_encoder.pth...
2022-01-14 15:48:19,465 INFO Saving to ./out/demo/demo_model_best_decoder.pth...
2022-01-14 15:48:51,493 INFO Saving to ./out/demo/demo_model_best_encoder.pth...
2022-01-14 15:48:51,622 INFO Saving to ./out/demo/demo_model_best_decoder.pth...
2022-01-14 15:49:25,929 INFO not improved for     1 iterations
2022-01-14 15:50:00,995 INFO Saving to ./out/demo/demo_model_best_encoder.pth...
2022-01-14 15:50:01,112 INFO Saving to ./out/demo/demo_model_best_decoder.pth...
2022-01-17 13:07:06,839 INFO Saving to ./out/demo/demo_model_best_encoder.pth...
2022-01-17 13:07:06,884 INFO Saving to ./out/demo/demo_model_best_decoder.pth...
2022-01-17 13:07:41,762 INFO Saving to ./out/demo/demo_model_best_encoder.pth...
2022-01-17 13:07:41,820 INFO Saving to ./out/demo/demo_model_best_decoder.pth...
2022-01-17 13:08:14,705 INFO Saving to ./out/demo/demo_model_best_encoder.pth...
2022-01-17 13:08:14,773 INFO Saving to ./out/demo/demo_model_best_decoder.pth...
2022-01-17 13:08:53,773 INFO Saving to ./out/demo/demo_model_best_encoder.pth...
2022-01-17 13:08:53,870 INFO Saving to ./out/demo/demo_model_best_decoder.pth...
2022-01-17 13:09:26,955 INFO Saving to ./out/demo/demo_model_best_encoder.pth...
2022-01-17 13:09:27,078 INFO Saving to ./out/demo/demo_model_best_decoder.pth...
2022-01-17 13:10:02,460 INFO Saving to ./out/demo/demo_model_best_encoder.pth...
2022-01-17 13:10:02,589 INFO Saving to ./out/demo/demo_model_best_decoder.pth...
2022-01-17 13:11:58,031 INFO Saving to ./out/demo/demo_model_best_encoder.pth...
2022-01-17 13:11:58,038 INFO Saving to ./out/demo/demo_model_best_decoder.pth...
2022-01-17 13:18:10,659 INFO Saving to ./out/demo/demo_model_best_encoder.pth...
2022-01-17 13:18:10,693 INFO Saving to ./out/demo/demo_model_best_decoder.pth...
2022-01-17 13:18:42,934 INFO Saving to ./out/demo/demo_model_best_encoder.pth...
2022-01-17 13:18:43,012 INFO Saving to ./out/demo/demo_model_best_decoder.pth...
2022-01-17 13:19:18,148 INFO Saving to ./out/demo/demo_model_best_encoder.pth...
2022-01-17 13:19:18,262 INFO Saving to ./out/demo/demo_model_best_decoder.pth...
2022-01-17 13:19:54,465 INFO Saving to ./out/demo/demo_model_best_encoder.pth...
2022-01-17 13:19:54,590 INFO Saving to ./out/demo/demo_model_best_decoder.pth...
2022-01-17 13:20:27,587 INFO Saving to ./out/demo/demo_model_best_encoder.pth...
2022-01-17 13:20:27,724 INFO Saving to ./out/demo/demo_model_best_decoder.pth...
2022-01-17 13:20:59,842 INFO Saving to ./out/demo/demo_model_best_encoder.pth...
2022-01-17 13:20:59,990 INFO Saving to ./out/demo/demo_model_best_decoder.pth...
2022-01-17 13:21:33,008 INFO Saving to ./out/demo/demo_model_best_encoder.pth...
2022-01-17 13:21:33,141 INFO Saving to ./out/demo/demo_model_best_decoder.pth...
2022-01-17 13:22:09,216 INFO Saving to ./out/demo/demo_model_best_encoder.pth...
2022-01-17 13:22:09,344 INFO Saving to ./out/demo/demo_model_best_decoder.pth...
2022-01-17 14:55:05,790 INFO Saving to ./out/demo/demo_model_best_encoder.pth...
2022-01-17 14:55:05,877 INFO Saving to ./out/demo/demo_model_best_decoder.pth...
2022-01-17 14:55:43,841 INFO Epoch 1
2022-01-17 14:55:52,953 INFO Saving to ./out/demo/demo_model_best_encoder.pth...
2022-01-17 14:55:52,969 INFO Saving to ./out/demo/demo_model_best_decoder.pth...
2022-01-17 14:57:13,757 INFO Epoch 1
2022-01-17 14:57:23,250 INFO Saving to ./out/demo/demo_model_best_encoder.pth...
2022-01-17 14:57:23,269 INFO Saving to ./out/demo/demo_model_best_decoder.pth...
2022-01-17 14:58:04,988 INFO Saving to ./out/demo/demo_model_best_encoder.pth...
2022-01-17 14:58:05,111 INFO Saving to ./out/demo/demo_model_best_decoder.pth...
2022-01-17 14:58:38,816 INFO Saving to ./out/demo/demo_model_best_encoder.pth...
2022-01-17 14:58:38,944 INFO Saving to ./out/demo/demo_model_best_decoder.pth...
2022-01-17 14:59:17,509 INFO Saving to ./out/demo/demo_model_best_encoder.pth...
2022-01-17 14:59:17,725 INFO Saving to ./out/demo/demo_model_best_decoder.pth...
2022-01-17 14:59:56,336 INFO Saving to ./out/demo/demo_model_best_encoder.pth...
2022-01-17 14:59:56,450 INFO Saving to ./out/demo/demo_model_best_decoder.pth...
2022-01-17 15:00:31,633 INFO Saving to ./out/demo/demo_model_best_encoder.pth...
2022-01-17 15:00:31,735 INFO Saving to ./out/demo/demo_model_best_decoder.pth...
2022-01-17 15:01:08,468 INFO Saving to ./out/demo/demo_model_best_encoder.pth...
2022-01-17 15:01:08,539 INFO Saving to ./out/demo/demo_model_best_decoder.pth...
2022-01-17 15:01:46,951 INFO Saving to ./out/demo/demo_model_best_encoder.pth...
2022-01-17 15:01:47,051 INFO Saving to ./out/demo/demo_model_best_decoder.pth...
2022-01-17 15:02:26,167 INFO Saving to ./out/demo/demo_model_best_encoder.pth...
2022-01-17 15:02:26,268 INFO Saving to ./out/demo/demo_model_best_decoder.pth...
2022-01-17 15:03:06,523 INFO Saving to ./out/demo/demo_model_best_encoder.pth...
2022-01-17 15:03:06,613 INFO Saving to ./out/demo/demo_model_best_decoder.pth...
2022-01-17 15:03:41,528 INFO Saving to ./out/demo/demo_model_best_encoder.pth...
2022-01-17 15:03:41,651 INFO Saving to ./out/demo/demo_model_best_decoder.pth...
2022-01-17 15:05:37,016 INFO Epoch 1
2022-01-17 15:05:46,445 INFO Saving to ./out/demo/demo_model_best_encoder.pth...
2022-01-17 15:05:46,480 INFO Saving to ./out/demo/demo_model_best_decoder.pth...
2022-01-17 15:06:23,680 INFO Saving to ./out/demo/demo_model_best_encoder.pth...
2022-01-17 15:06:23,788 INFO Saving to ./out/demo/demo_model_best_decoder.pth...
2022-01-17 15:07:03,203 INFO Saving to ./out/demo/demo_model_best_encoder.pth...
2022-01-17 15:07:03,307 INFO Saving to ./out/demo/demo_model_best_decoder.pth...
2022-01-17 15:07:43,440 INFO Saving to ./out/demo/demo_model_best_encoder.pth...
2022-01-17 15:07:43,680 INFO Saving to ./out/demo/demo_model_best_decoder.pth...
2022-01-17 15:08:27,682 INFO Saving to ./out/demo/demo_model_best_encoder.pth...
2022-01-17 15:08:27,881 INFO Saving to ./out/demo/demo_model_best_decoder.pth...
2022-01-17 15:09:08,308 INFO Saving to ./out/demo/demo_model_best_encoder.pth...
2022-01-17 15:09:08,488 INFO Saving to ./out/demo/demo_model_best_decoder.pth...
2022-01-17 15:24:19,762 INFO Epoch 1
2022-01-17 15:24:30,957 INFO Saving to ./out/demo/demo_model_best_encoder.pth...
2022-01-17 15:24:30,984 INFO Saving to ./out/demo/demo_model_best_decoder.pth...
2022-01-17 15:25:12,618 INFO Saving to ./out/demo/demo_model_best_encoder.pth...
2022-01-17 15:25:12,751 INFO Saving to ./out/demo/demo_model_best_decoder.pth...
2022-01-17 15:25:58,408 INFO not improved for     1 iterations
2022-01-17 16:07:46,348 INFO Epoch 1
2022-01-17 16:08:47,924 INFO Epoch 1
2022-01-17 16:08:57,517 INFO Saving to ./out/demo/demo_model_best_encoder.pth...
2022-01-17 16:08:57,531 INFO Saving to ./out/demo/demo_model_best_decoder.pth...
2022-01-17 16:09:39,825 INFO Saving to ./out/demo/demo_model_best_encoder.pth...
2022-01-17 16:09:39,853 INFO Saving to ./out/demo/demo_model_best_decoder.pth...
2022-01-17 16:10:20,392 INFO Saving to ./out/demo/demo_model_best_encoder.pth...
2022-01-17 16:10:20,421 INFO Saving to ./out/demo/demo_model_best_decoder.pth...
2022-01-17 16:10:50,339 INFO Saving to ./out/demo/demo_model_best_encoder.pth...
2022-01-17 16:10:50,364 INFO Saving to ./out/demo/demo_model_best_decoder.pth...
2022-01-17 16:11:19,859 INFO Saving to ./out/demo/demo_model_best_encoder.pth...
2022-01-17 16:11:19,888 INFO Saving to ./out/demo/demo_model_best_decoder.pth...
2022-01-17 16:11:50,600 INFO Saving to ./out/demo/demo_model_best_encoder.pth...
2022-01-17 16:11:50,622 INFO Saving to ./out/demo/demo_model_best_decoder.pth...
2022-01-17 16:12:20,250 INFO Saving to ./out/demo/demo_model_best_encoder.pth...
2022-01-17 16:12:20,272 INFO Saving to ./out/demo/demo_model_best_decoder.pth...
2022-01-17 16:12:49,914 INFO Saving to ./out/demo/demo_model_best_encoder.pth...
2022-01-17 16:12:49,939 INFO Saving to ./out/demo/demo_model_best_decoder.pth...
2022-01-17 16:13:19,652 INFO Saving to ./out/demo/demo_model_best_encoder.pth...
2022-01-17 16:13:19,673 INFO Saving to ./out/demo/demo_model_best_decoder.pth...
2022-01-17 16:13:49,635 INFO not improved for     1 iterations
2022-01-17 16:14:22,868 INFO not improved for     2 iterations
2022-01-17 16:14:54,181 INFO Saving to ./out/demo/demo_model_best_encoder.pth...
2022-01-17 16:14:54,201 INFO Saving to ./out/demo/demo_model_best_decoder.pth...
2022-01-17 16:15:30,604 INFO Saving to ./out/demo/demo_model_best_encoder.pth...
2022-01-17 16:15:30,631 INFO Saving to ./out/demo/demo_model_best_decoder.pth...
2022-01-17 16:16:05,076 INFO not improved for     1 iterations
2022-01-17 16:16:37,481 INFO not improved for     2 iterations
2022-01-17 16:17:11,665 INFO not improved for     3 iterations
2022-01-17 16:17:44,754 INFO not improved for     4 iterations
2022-01-17 16:18:16,629 INFO Saving to ./out/demo/demo_model_best_encoder.pth...
2022-01-17 16:18:16,655 INFO Saving to ./out/demo/demo_model_best_decoder.pth...
2022-01-17 16:18:49,412 INFO Saving to ./out/demo/demo_model_best_encoder.pth...
2022-01-17 16:18:49,440 INFO Saving to ./out/demo/demo_model_best_decoder.pth...
2022-01-17 16:19:27,596 INFO not improved for     1 iterations
2022-01-17 16:19:59,251 INFO not improved for     2 iterations
2022-01-17 16:20:30,520 INFO not improved for     3 iterations
2022-01-17 16:21:03,261 INFO not improved for     4 iterations
2022-01-17 16:21:35,062 INFO not improved for     5 iterations
2022-01-18 10:08:59,760 INFO Epoch 1
2022-02-22 16:46:45,388 INFO Epoch 1
2022-02-22 16:47:25,528 INFO Epoch 1
2022-02-22 16:51:15,862 INFO Epoch 1
2022-02-22 16:52:22,139 INFO Epoch 1
2022-02-22 16:54:46,905 INFO Epoch 1
2022-02-22 16:57:05,791 INFO Epoch 1
2022-02-24 11:53:42,011 INFO Epoch 1
2022-02-24 11:55:48,955 INFO Epoch 1
2022-02-24 12:01:24,591 INFO Epoch 1
2022-02-24 12:03:37,953 INFO Epoch 1
2022-02-24 12:03:52,509 INFO Saving to ./out/demo/demo_model_best_encoder.pth...
2022-02-24 12:03:52,536 INFO Saving to ./out/demo/demo_model_best_decoder.pth...
2022-02-24 12:05:24,223 INFO Epoch 1
2022-02-24 12:05:32,762 INFO Saving to ./out/demo/demo_model_best_encoder.pth...
2022-02-24 12:05:32,776 INFO Saving to ./out/demo/demo_model_best_decoder.pth...
2022-02-24 12:06:04,437 INFO Saving to ./out/demo/demo_model_best_encoder.pth...
2022-02-24 12:06:04,457 INFO Saving to ./out/demo/demo_model_best_decoder.pth...
2022-02-24 12:10:50,431 INFO Epoch 1
2022-02-24 12:10:56,998 INFO Saving to ./out/demo/demo_model_best_encoder.pth...
2022-02-24 12:10:57,017 INFO Saving to ./out/demo/demo_model_best_decoder.pth...
2022-02-24 12:11:13,427 INFO Saving to ./out/demo/demo_model_best_encoder.pth...
2022-02-24 12:11:13,433 INFO Saving to ./out/demo/demo_model_best_decoder.pth...
2022-02-24 12:11:28,245 INFO Saving to ./out/demo/demo_model_best_encoder.pth...
2022-02-24 12:11:28,252 INFO Saving to ./out/demo/demo_model_best_decoder.pth...
2022-02-24 14:42:16,435 INFO Epoch 1
2022-02-24 14:42:25,836 INFO Saving to ./out/demo/demo_model_best_encoder.pth...
2022-02-24 14:42:25,869 INFO Saving to ./out/demo/demo_model_best_decoder.pth...
2022-02-24 14:42:53,567 INFO Saving to ./out/demo/demo_model_best_encoder.pth...
2022-02-24 14:42:53,590 INFO Saving to ./out/demo/demo_model_best_decoder.pth...
2022-02-25 14:57:26,706 INFO Epoch 1
2022-02-25 14:59:52,127 INFO Epoch 1
2022-02-25 15:11:15,750 INFO Epoch 1
2022-02-25 15:11:38,563 INFO Epoch 1
2022-02-25 15:12:44,759 INFO Epoch 1
2022-02-25 15:14:14,852 INFO Epoch 1
2022-02-25 15:14:29,729 INFO Saving to ./out/demo/demo_model_best_encoder.pth...
2022-02-25 15:14:29,754 INFO Saving to ./out/demo/demo_model_best_decoder.pth...
2022-02-25 15:42:21,991 INFO Epoch 1
2022-02-25 15:49:24,864 INFO Epoch 1
2022-02-25 15:50:53,132 INFO Epoch 1
2022-02-25 15:51:08,258 INFO Saving to ./out/demo/demo_model_best_encoder.pth...
2022-02-25 15:51:08,293 INFO Saving to ./out/demo/demo_model_best_decoder.pth...
2022-02-28 13:42:14,078 INFO Epoch 1
2022-02-28 18:19:15,553 INFO Epoch 1
2022-06-14 14:37:52,628 INFO Epoch 1
2022-07-05 15:49:33,897 INFO Epoch 1
2022-07-05 15:50:17,245 INFO Epoch 1
2022-07-07 13:08:18,178 INFO Epoch 1
2022-07-07 13:08:58,235 INFO Epoch 1
2022-07-07 13:10:23,139 INFO Epoch 1
2022-07-07 13:11:33,637 INFO Epoch 1
2022-07-07 13:12:45,728 INFO Epoch 1
2022-07-07 13:13:41,665 INFO Epoch 1
2022-07-07 13:15:56,381 INFO Epoch 1
2022-07-07 13:17:21,740 INFO Epoch 1
2022-07-07 13:27:36,756 INFO Epoch 1
2022-07-07 14:52:48,221 INFO Epoch 1
2022-07-07 17:35:54,069 INFO Epoch 1
2022-07-07 17:38:35,616 INFO Epoch 1
2022-07-07 17:39:06,584 INFO Epoch 1
2022-07-07 17:43:25,604 INFO Epoch 1
2022-07-07 17:45:29,060 INFO Epoch 1
2022-07-07 17:47:05,010 INFO Epoch 1
2022-07-07 17:47:59,841 INFO Epoch 1
2022-07-07 17:50:07,900 INFO Epoch 1
2022-07-07 18:01:18,180 INFO Epoch 1
2022-07-07 18:01:49,760 INFO Epoch 1
2022-07-07 18:02:08,162 INFO Epoch 1
2022-07-07 18:03:17,497 INFO Epoch 1
2022-07-07 18:06:33,994 INFO Epoch 1
2022-07-07 18:07:45,665 INFO Epoch 1
2022-07-07 18:08:48,368 INFO Epoch 1
2022-07-07 18:11:12,653 INFO Epoch 1
2022-07-07 18:11:36,387 INFO Epoch 1
2022-07-07 18:33:10,100 INFO Epoch 1
2022-07-07 18:33:58,134 INFO Epoch 1
2022-07-07 18:35:32,042 INFO Epoch 1
2022-07-07 18:37:32,960 INFO Epoch 1
2022-07-07 18:38:26,584 INFO Epoch 1
2022-07-07 18:39:01,754 INFO Epoch 1
2022-07-07 18:39:51,428 INFO Epoch 1
2022-07-07 18:40:57,171 INFO Epoch 1
2022-07-07 18:43:26,119 INFO Epoch 1
2022-07-07 18:43:50,927 INFO Epoch 1
2022-07-07 18:45:29,750 INFO Epoch 1
2022-07-07 18:47:10,852 INFO Epoch 1
2022-07-19 11:03:00,101 INFO Epoch 1
2022-07-19 11:06:45,332 INFO Epoch 1
2022-07-19 11:07:15,479 INFO Epoch 1
2022-07-19 11:07:31,942 INFO Epoch 1
2022-07-19 11:08:21,384 INFO Epoch 1
2022-07-19 11:09:12,748 INFO Epoch 1
2022-07-19 11:10:36,906 INFO Epoch 1
2022-07-19 11:12:08,039 INFO Epoch 1
2022-07-19 11:21:45,770 INFO Epoch 1
2022-07-19 11:24:27,454 INFO Epoch 1
2022-07-19 11:25:04,427 INFO Epoch 1
